2025-07-27 09:35:32,820 INFO    MainThread:3142920 [wandb_setup.py:_flush():80] Current SDK version is 0.21.0
2025-07-27 09:35:32,820 INFO    MainThread:3142920 [wandb_setup.py:_flush():80] Configure stats pid to 3142920
2025-07-27 09:35:32,821 INFO    MainThread:3142920 [wandb_setup.py:_flush():80] Loading settings from /home/vortek/.config/wandb/settings
2025-07-27 09:35:32,821 INFO    MainThread:3142920 [wandb_setup.py:_flush():80] Loading settings from /mnt/caches/vortek/DPODataMatter/wandb/settings
2025-07-27 09:35:32,821 INFO    MainThread:3142920 [wandb_setup.py:_flush():80] Loading settings from environment variables
2025-07-27 09:35:32,821 INFO    MainThread:3142920 [wandb_init.py:setup_run_log_directory():703] Logging user logs to /mnt/caches/vortek/DPODataMatter/wandb/offline-run-20250727_093532-8iiuw8i8/logs/debug.log
2025-07-27 09:35:32,821 INFO    MainThread:3142920 [wandb_init.py:setup_run_log_directory():704] Logging internal logs to /mnt/caches/vortek/DPODataMatter/wandb/offline-run-20250727_093532-8iiuw8i8/logs/debug-internal.log
2025-07-27 09:35:32,821 INFO    MainThread:3142920 [wandb_init.py:init():830] calling init triggers
2025-07-27 09:35:32,821 INFO    MainThread:3142920 [wandb_init.py:init():835] wandb.init called with sweep_config: {}
config: {'_wandb': {}}
2025-07-27 09:35:32,821 INFO    MainThread:3142920 [wandb_init.py:init():871] starting backend
2025-07-27 09:35:33,031 INFO    MainThread:3142920 [wandb_init.py:init():874] sending inform_init request
2025-07-27 09:35:33,032 INFO    MainThread:3142920 [wandb_init.py:init():882] backend started and connected
2025-07-27 09:35:33,033 INFO    MainThread:3142920 [wandb_init.py:init():953] updated telemetry
2025-07-27 09:35:33,039 INFO    MainThread:3142920 [wandb_init.py:init():977] communicating run to backend with 90.0 second timeout
2025-07-27 09:35:33,320 INFO    MainThread:3142920 [wandb_init.py:init():1029] starting run threads in backend
2025-07-27 09:35:33,429 INFO    MainThread:3142920 [wandb_run.py:_console_start():2458] atexit reg
2025-07-27 09:35:33,429 INFO    MainThread:3142920 [wandb_run.py:_redirect():2306] redirect: wrap_raw
2025-07-27 09:35:33,429 INFO    MainThread:3142920 [wandb_run.py:_redirect():2375] Wrapping output streams.
2025-07-27 09:35:33,429 INFO    MainThread:3142920 [wandb_run.py:_redirect():2398] Redirects installed.
2025-07-27 09:35:33,430 INFO    MainThread:3142920 [wandb_init.py:init():1075] run started, returning control to user process
2025-07-27 10:00:35,884 INFO    MsgRouterThr:3142920 [mailbox.py:close():129] [no run ID] Closing mailbox, abandoning 0 handles.
